shinycar24.de 01/03/2022 05:16:59 : pdf.php Fetch data 1/2
shinycar24.de 01/03/2022 05:16:59 : Successfully data fetch from DB 2/2
shinycar24.de 01/03/2022 05:16:59 : pdf.php Create PDF 1/3
shinycar24.de 01/03/2022 05:16:59 : Successfully created PDF report for customer 14 2/3Path: reports/report_UpXj9A_103.pdf 3/3
shinycar24.de 01/03/2022 05:16:59 : pdf.php Update PDF URL in Database 1/2
shinycar24.de 01/03/2022 05:16:59 : Successfully update db  2/2
shinycar24.de 01/03/2022 05:18:58 : pdf.php Fetch data 1/2
shinycar24.de 01/03/2022 05:18:58 : Successfully data fetch from DB 2/2
shinycar24.de 01/03/2022 05:18:58 : pdf.php Create PDF 1/3
shinycar24.de 01/03/2022 05:18:58 : Successfully created PDF report for customer 14 2/3Path: reports/report_d5oZdc_103.pdf 3/3
shinycar24.de 01/03/2022 05:18:58 : pdf.php Update PDF URL in Database 1/2
shinycar24.de 01/03/2022 05:18:58 : Successfully update db  2/2
shinycar24.de 01/03/2022 05:20:22 : pdf.php Fetch data 1/2
shinycar24.de 01/03/2022 05:20:22 : Successfully data fetch from DB 2/2
shinycar24.de 01/03/2022 05:20:22 : pdf.php Create PDF 1/3
shinycar24.de 01/03/2022 05:20:22 : Successfully created PDF report for customer 14 2/3Path: reports/report_jzhjfb_103.pdf 3/3
shinycar24.de 01/03/2022 05:20:22 : pdf.php Update PDF URL in Database 1/2
shinycar24.de 01/03/2022 05:20:22 : Successfully update db  2/2
shinycar24.de 01/03/2022 05:20:22 : Trying to send Email jan.hiweno.lorenz0@googlemail.com 1/1
shinycar24.de 01/03/2022 05:22:28 : pdf.php Fetch data 1/2
shinycar24.de 01/03/2022 05:22:28 : Successfully data fetch from DB 2/2
shinycar24.de 01/03/2022 05:22:28 : pdf.php Create PDF 1/3
shinycar24.de 01/03/2022 05:22:28 : Successfully created PDF report for customer 14 2/3Path: reports/report_w8cTY6_103.pdf 3/3
shinycar24.de 01/03/2022 05:22:28 : pdf.php Update PDF URL in Database 1/2
shinycar24.de 01/03/2022 05:22:28 : Successfully update db  2/2
shinycar24.de 01/03/2022 05:22:28 : Trying to send Email jan.hiweno.lorenz0@googlemail.com 1/1
shinycar24.de 01/03/2022 05:24:09 : pdf.php Fetch data 1/2
shinycar24.de 01/03/2022 05:24:09 : Successfully data fetch from DB 2/2
shinycar24.de 01/03/2022 05:24:09 : pdf.php Create PDF 1/3
shinycar24.de 01/03/2022 05:24:09 : Successfully created PDF report for customer 14 2/3Path: reports/report_rqSGse_103.pdf 3/3
shinycar24.de 01/03/2022 05:24:09 : pdf.php Update PDF URL in Database 1/2
shinycar24.de 01/03/2022 05:24:09 : Successfully update db  2/2
shinycar24.de 01/03/2022 05:24:09 : Trying to send Email jan.hiweno.lorenz0@googlemail.com 1/1
shinycar24.de 01/03/2022 05:25:05 : pdf.php Fetch data 1/2
shinycar24.de 01/03/2022 05:25:05 : Successfully data fetch from DB 2/2
shinycar24.de 01/03/2022 05:25:05 : pdf.php Create PDF 1/3
shinycar24.de 01/03/2022 05:25:05 : Successfully created PDF report for customer 14 2/3Path: reports/report_DnTPta_103.pdf 3/3
shinycar24.de 01/03/2022 05:25:05 : pdf.php Update PDF URL in Database 1/2
shinycar24.de 01/03/2022 05:25:05 : Successfully update db  2/2
shinycar24.de 01/03/2022 05:25:05 : Trying to send Email jan.hiweno.lorenz0@googlemail.com 1/1
shinycar24.de 01/03/2022 05:26:10 : pdf.php Fetch data 1/2
shinycar24.de 01/03/2022 05:26:10 : Successfully data fetch from DB 2/2
shinycar24.de 01/03/2022 05:26:10 : pdf.php Create PDF 1/3
shinycar24.de 01/03/2022 05:26:10 : Successfully created PDF report for customer 14 2/3Path: reports/report_dX2SVl_103.pdf 3/3
shinycar24.de 01/03/2022 05:26:10 : pdf.php Update PDF URL in Database 1/2
shinycar24.de 01/03/2022 05:26:10 : Successfully update db  2/2
shinycar24.de 01/03/2022 05:26:10 : Trying to send Email jan.hiweno.lorenz0@googlemail.com 1/1
shinycar24.de 01/03/2022 05:29:25 : pdf.php Fetch data 1/2
shinycar24.de 01/03/2022 05:29:25 : Successfully data fetch from DB 2/2
shinycar24.de 01/03/2022 05:29:26 : pdf.php Create PDF 1/3
shinycar24.de 01/03/2022 05:29:26 : Successfully created PDF report for customer 14 2/3Path: reports/report_5NVcXr_103.pdf 3/3
shinycar24.de 01/03/2022 05:29:26 : pdf.php Update PDF URL in Database 1/2
shinycar24.de 01/03/2022 05:29:26 : Successfully update db  2/2
shinycar24.de 01/03/2022 05:29:26 : Trying to send Email jan.hiweno.lorenz0@googlemail.com 1/1
shinycar24.de 01/03/2022 05:30:48 : pdf.php Fetch data 1/2
shinycar24.de 01/03/2022 05:30:48 : Successfully data fetch from DB 2/2
shinycar24.de 01/03/2022 05:30:48 : pdf.php Create PDF 1/3
shinycar24.de 01/03/2022 05:30:48 : Successfully created PDF report for customer 14 2/3Path: reports/report_XvT9IO_103.pdf 3/3
shinycar24.de 01/03/2022 05:30:48 : pdf.php Update PDF URL in Database 1/2
shinycar24.de 01/03/2022 05:30:48 : Successfully update db  2/2
shinycar24.de 01/03/2022 05:30:48 : Trying to send Email jan.hiweno.lorenz0@googlemail.com 1/1
shinycar24.de 01/03/2022 05:34:42 : pdf.php Fetch data 1/2
shinycar24.de 01/03/2022 05:34:42 : Successfully data fetch from DB 2/2
shinycar24.de 01/03/2022 05:34:42 : pdf.php Create PDF 1/3
shinycar24.de 01/03/2022 05:34:42 : Successfully created PDF report for customer 14 2/3Path: reports/report_b8DlsF_103.pdf 3/3
shinycar24.de 01/03/2022 05:34:42 : pdf.php Update PDF URL in Database 1/2
shinycar24.de 01/03/2022 05:34:42 : Successfully update db  2/2
shinycar24.de 01/03/2022 05:34:42 : Trying to send Email jan.hiweno.lorenz0@googlemail.com 1/1
shinycar24.de 01/03/2022 05:35:27 : pdf.php Fetch data 1/2
shinycar24.de 01/03/2022 05:35:27 : Successfully data fetch from DB 2/2
shinycar24.de 01/03/2022 05:35:27 : pdf.php Create PDF 1/3
shinycar24.de 01/03/2022 05:35:27 : Successfully created PDF report for customer 14 2/3Path: reports/report_f7u40Q_103.pdf 3/3
shinycar24.de 01/03/2022 05:35:27 : pdf.php Update PDF URL in Database 1/2
shinycar24.de 01/03/2022 05:35:27 : Successfully update db  2/2
shinycar24.de 01/03/2022 05:35:27 : Trying to send Email jan.hiweno.lorenz0@googlemail.com 1/1
shinycar24.de 01/03/2022 05:36:06 : pdf.php Fetch data 1/2
shinycar24.de 01/03/2022 05:36:06 : Successfully data fetch from DB 2/2
shinycar24.de 01/03/2022 05:36:06 : pdf.php Create PDF 1/3
shinycar24.de 01/03/2022 05:36:06 : Successfully created PDF report for customer 14 2/3Path: reports/report_sU2QlJ_103.pdf 3/3
shinycar24.de 01/03/2022 05:36:06 : pdf.php Update PDF URL in Database 1/2
shinycar24.de 01/03/2022 05:36:06 : Successfully update db  2/2
shinycar24.de 01/03/2022 05:36:06 : Trying to send Email jan.hiweno.lorenz0@googlemail.com 1/1
shinycar24.de 01/03/2022 05:36:54 : pdf.php Fetch data 1/2
shinycar24.de 01/03/2022 05:36:54 : Successfully data fetch from DB 2/2
shinycar24.de 01/03/2022 05:36:54 : pdf.php Create PDF 1/3
shinycar24.de 01/03/2022 05:36:54 : Successfully created PDF report for customer 14 2/3Path: reports/report_a2bSz9_103.pdf 3/3
shinycar24.de 01/03/2022 05:36:54 : pdf.php Update PDF URL in Database 1/2
shinycar24.de 01/03/2022 05:36:54 : Successfully update db  2/2
shinycar24.de 01/03/2022 05:36:54 : Trying to send Email jan.hiweno.lorenz0@googlemail.com 1/1
shinycar24.de 01/03/2022 05:37:37 : pdf.php Fetch data 1/2
shinycar24.de 01/03/2022 05:37:37 : Successfully data fetch from DB 2/2
shinycar24.de 01/03/2022 05:37:38 : pdf.php Create PDF 1/3
shinycar24.de 01/03/2022 05:37:38 : Successfully created PDF report for customer 14 2/3Path: reports/report_zjTKzY_103.pdf 3/3
shinycar24.de 01/03/2022 05:37:38 : pdf.php Update PDF URL in Database 1/2
shinycar24.de 01/03/2022 05:37:38 : Successfully update db  2/2
shinycar24.de 01/03/2022 05:37:38 : Trying to send Email jan.hiweno.lorenz0@googlemail.com 1/1
shinycar24.de 01/03/2022 05:37:44 : pdf.php Fetch data 1/2
shinycar24.de 01/03/2022 05:37:44 : Successfully data fetch from DB 2/2
shinycar24.de 01/03/2022 05:37:44 : pdf.php Create PDF 1/3
shinycar24.de 01/03/2022 05:37:44 : Successfully created PDF report for customer 14 2/3Path: reports/report_gDjb0u_103.pdf 3/3
shinycar24.de 01/03/2022 05:37:44 : pdf.php Update PDF URL in Database 1/2
shinycar24.de 01/03/2022 05:37:44 : Successfully update db  2/2
shinycar24.de 01/03/2022 05:37:44 : Trying to send Email jan.hiweno.lorenz0@googlemail.com 1/1
shinycar24.de 01/03/2022 05:40:27 : pdf.php Fetch data 1/2
shinycar24.de 01/03/2022 05:40:27 : Successfully data fetch from DB 2/2
shinycar24.de 01/03/2022 05:40:27 : pdf.php Create PDF 1/3
shinycar24.de 01/03/2022 05:40:27 : Successfully created PDF report for customer 14 2/3Path: reports/report_QccuEk_103.pdf 3/3
shinycar24.de 01/03/2022 05:40:27 : pdf.php Update PDF URL in Database 1/2
shinycar24.de 01/03/2022 05:40:27 : Successfully update db  2/2
shinycar24.de 01/03/2022 05:40:27 : email.php Sent Email to: jan.hiweno.lorenz0@googlemail.com 1/1
shinycar24.de 01/03/2022 05:40:27 : email.php Sent Email to: jan.hiweno.lorenz0@googlemail.com 1/1
shinycar24.de 01/03/2022 06:40:29 : pdf.php Fetch data 1/2
shinycar24.de 01/03/2022 06:40:29 : Successfully data fetch from DB 2/2
shinycar24.de 01/03/2022 06:40:29 : pdf.php Create PDF 1/3
shinycar24.de 01/03/2022 06:40:29 : Successfully created PDF report for customer 14 2/3Path: reports/report_LmcCad_103.pdf 3/3
shinycar24.de 01/03/2022 06:40:29 : pdf.php Update PDF URL in Database 1/2
shinycar24.de 01/03/2022 06:40:29 : Successfully update db  2/2
shinycar24.de 01/03/2022 06:44:29 : pdf.php Fetch data 1/2
shinycar24.de 01/03/2022 06:44:29 : Successfully data fetch from DB 2/2
shinycar24.de 01/03/2022 06:44:29 : pdf.php Create PDF 1/3
shinycar24.de 01/03/2022 06:44:29 : Successfully created PDF report for customer 14 2/3Path: reports/report_MNh77Q_103.pdf 3/3
shinycar24.de 01/03/2022 06:44:29 : pdf.php Update PDF URL in Database 1/2
shinycar24.de 01/03/2022 06:44:29 : Successfully update db  2/2
shinycar24.de 01/03/2022 06:45:25 : pdf.php Fetch data 1/2
shinycar24.de 01/03/2022 06:45:25 : Successfully data fetch from DB 2/2
shinycar24.de 01/03/2022 06:45:25 : pdf.php Create PDF 1/3
shinycar24.de 01/03/2022 06:45:25 : Successfully created PDF report for customer 14 2/3Path: reports/report_fQiPkt_103.pdf 3/3
shinycar24.de 01/03/2022 06:45:25 : pdf.php Update PDF URL in Database 1/2
shinycar24.de 01/03/2022 06:45:25 : Successfully update db  2/2
shinycar24.de 01/03/2022 06:46:17 : pdf.php Fetch data 1/2
shinycar24.de 01/03/2022 06:46:17 : Successfully data fetch from DB 2/2
shinycar24.de 01/03/2022 06:46:17 : pdf.php Create PDF 1/3
shinycar24.de 01/03/2022 06:46:17 : Successfully created PDF report for customer 14 2/3Path: reports/report_OrDQRh_103.pdf 3/3
shinycar24.de 01/03/2022 06:46:17 : pdf.php Update PDF URL in Database 1/2
shinycar24.de 01/03/2022 06:46:17 : Successfully update db  2/2
shinycar24.de 01/03/2022 06:46:17 : email.php Sent Email to: jan.hiweno.lorenz0@googlemail.com 1/1
shinycar24.de 01/03/2022 06:46:17 : email.php Sent Email to: jan.hiweno.lorenz0@googlemail.com 1/1
shinycar24.de 01/03/2022 07:11:50 : pdf.php Fetch data 1/2
shinycar24.de 01/03/2022 07:11:50 : Successfully data fetch from DB 2/2
shinycar24.de 01/03/2022 07:11:51 : pdf.php Create PDF 1/3
shinycar24.de 01/03/2022 07:11:51 : Successfully created PDF report for customer 14 2/3Path: reports/report_5DWwUZ_103.pdf 3/3
shinycar24.de 01/03/2022 07:11:51 : pdf.php Update PDF URL in Database 1/2
shinycar24.de 01/03/2022 07:11:51 : Successfully update db  2/2
shinycar24.de 01/03/2022 07:16:16 : pdf.php Fetch data 1/2
shinycar24.de 01/03/2022 07:16:16 : Successfully data fetch from DB 2/2
shinycar24.de 01/03/2022 07:16:16 : pdf.php Create PDF 1/3
shinycar24.de 01/03/2022 07:16:16 : Successfully created PDF report for customer 14 2/3Path: reports/report_lY1rDz_103.pdf 3/3
shinycar24.de 01/03/2022 07:16:16 : pdf.php Update PDF URL in Database 1/2
shinycar24.de 01/03/2022 07:16:16 : Successfully update db  2/2
shinycar24.de 01/03/2022 07:23:25 : pdf.php Fetch data 1/2
shinycar24.de 01/03/2022 07:23:25 : Successfully data fetch from DB 2/2
shinycar24.de 01/03/2022 07:23:25 : pdf.php Create PDF 1/3
shinycar24.de 01/03/2022 07:23:25 : Successfully created PDF report for customer 14 2/3Path: reports/report_Aivl1F_103.pdf 3/3
shinycar24.de 01/03/2022 07:23:25 : pdf.php Update PDF URL in Database 1/2
shinycar24.de 01/03/2022 07:23:25 : Successfully update db  2/2
shinycar24.de 01/03/2022 07:24:42 : pdf.php Fetch data 1/2
shinycar24.de 01/03/2022 07:24:42 : Successfully data fetch from DB 2/2
shinycar24.de 01/03/2022 07:24:42 : pdf.php Create PDF 1/3
shinycar24.de 01/03/2022 07:24:42 : Successfully created PDF report for customer 14 2/3Path: reports/report_guJlMS_103.pdf 3/3
shinycar24.de 01/03/2022 07:24:42 : pdf.php Update PDF URL in Database 1/2
shinycar24.de 01/03/2022 07:24:42 : Successfully update db  2/2
