shinycar24.de 12/20/2021 14:00:26 : pdf.php Fetch data 1/2
shinycar24.de 12/20/2021 14:00:26 : Successfully data fetch from DB 2/2
shinycar24.de 12/20/2021 14:00:26 : pdf.php Create PDF 1/3
shinycar24.de 12/20/2021 14:00:26 : Successfully created PDF report for customer 14 2/3Path: reports/report_NBFUJe_103.pdf 3/3
shinycar24.de 12/20/2021 14:00:26 : pdf.php Update PDF URL in Database 1/2
shinycar24.de 12/20/2021 14:00:26 : Successfully update db  2/2
shinycar24.de 12/20/2021 14:32:37 : pdf.php Fetch data 1/2
shinycar24.de 12/20/2021 14:32:37 : Successfully data fetch from DB 2/2
shinycar24.de 12/20/2021 14:32:37 : pdf.php Create PDF 1/3
shinycar24.de 12/20/2021 14:32:37 : Successfully created PDF report for customer 14 2/3Path: reports/report_tYaehj_103.pdf 3/3
shinycar24.de 12/20/2021 14:32:37 : pdf.php Update PDF URL in Database 1/2
shinycar24.de 12/20/2021 14:32:37 : Successfully update db  2/2
shinycar24.de 12/20/2021 14:32:37 : email.php Sent Email to customer 1/1
shinycar24.de 12/20/2021 14:32:37 : email.php Sent Email to testcenter 1/1
shinycar24.de 12/20/2021 14:40:01 : pdf.php Fetch data 1/2
shinycar24.de 12/20/2021 14:40:01 : Successfully data fetch from DB 2/2
shinycar24.de 12/20/2021 14:40:01 : pdf.php Create PDF 1/3
shinycar24.de 12/20/2021 14:40:01 : Successfully created PDF report for customer 14 2/3Path: reports/report_jbrdpV_103.pdf 3/3
shinycar24.de 12/20/2021 14:40:01 : pdf.php Update PDF URL in Database 1/2
shinycar24.de 12/20/2021 14:40:01 : Successfully update db  2/2
shinycar24.de 12/20/2021 14:40:01 : email.php Sent Email to customer 1/1
shinycar24.de 12/20/2021 14:40:02 : email.php Sent Email to testcenter 1/1
shinycar24.de 12/20/2021 14:42:31 : pdf.php Fetch data 1/2
shinycar24.de 12/20/2021 14:42:31 : Successfully data fetch from DB 2/2
shinycar24.de 12/20/2021 14:42:31 : pdf.php Create PDF 1/3
shinycar24.de 12/20/2021 14:42:31 : Successfully created PDF report for customer 14 2/3Path: reports/report_ba6gjE_103.pdf 3/3
shinycar24.de 12/20/2021 14:42:31 : pdf.php Update PDF URL in Database 1/2
shinycar24.de 12/20/2021 14:42:31 : Successfully update db  2/2
shinycar24.de 12/20/2021 14:42:31 : email.php Sent Email to customer 1/1
shinycar24.de 12/20/2021 14:42:31 : email.php Sent Email to testcenter 1/1
shinycar24.de 12/20/2021 14:44:06 : pdf.php Fetch data 1/2
shinycar24.de 12/20/2021 14:44:06 : Successfully data fetch from DB 2/2
shinycar24.de 12/20/2021 14:44:06 : pdf.php Create PDF 1/3
shinycar24.de 12/20/2021 14:44:06 : Successfully created PDF report for customer 14 2/3Path: reports/report_nr7mgc_103.pdf 3/3
shinycar24.de 12/20/2021 14:44:06 : pdf.php Update PDF URL in Database 1/2
shinycar24.de 12/20/2021 14:44:06 : Successfully update db  2/2
shinycar24.de 12/20/2021 14:44:06 : email.php Sent Email to customer 1/1
shinycar24.de 12/20/2021 14:44:06 : email.php Sent Email to testcenter 1/1
shinycar24.de 12/20/2021 14:44:50 : pdf.php Fetch data 1/2
shinycar24.de 12/20/2021 14:44:50 : Successfully data fetch from DB 2/2
shinycar24.de 12/20/2021 14:44:50 : pdf.php Create PDF 1/3
shinycar24.de 12/20/2021 14:44:50 : Successfully created PDF report for customer 14 2/3Path: reports/report_RSvHug_103.pdf 3/3
shinycar24.de 12/20/2021 14:44:50 : pdf.php Update PDF URL in Database 1/2
shinycar24.de 12/20/2021 14:44:50 : Successfully update db  2/2
shinycar24.de 12/20/2021 14:44:50 : email.php Sent Email to customer 1/1
shinycar24.de 12/20/2021 14:44:51 : email.php Sent Email to testcenter 1/1
shinycar24.de 12/20/2021 14:45:48 : pdf.php Fetch data 1/2
shinycar24.de 12/20/2021 14:45:48 : Successfully data fetch from DB 2/2
shinycar24.de 12/20/2021 14:45:48 : pdf.php Create PDF 1/3
shinycar24.de 12/20/2021 14:45:48 : Successfully created PDF report for customer 14 2/3Path: reports/report_cD5rrZ_103.pdf 3/3
shinycar24.de 12/20/2021 14:45:48 : pdf.php Update PDF URL in Database 1/2
shinycar24.de 12/20/2021 14:45:48 : Successfully update db  2/2
shinycar24.de 12/20/2021 14:45:48 : email.php Sent Email to customer 1/1
shinycar24.de 12/20/2021 14:45:48 : email.php Sent Email to testcenter 1/1
shinycar24.de 12/20/2021 14:47:27 : pdf.php Fetch data 1/2
shinycar24.de 12/20/2021 14:47:27 : Successfully data fetch from DB 2/2
shinycar24.de 12/20/2021 14:47:27 : pdf.php Create PDF 1/3
shinycar24.de 12/20/2021 14:47:27 : Successfully created PDF report for customer 14 2/3Path: reports/report_UJSeIb_103.pdf 3/3
shinycar24.de 12/20/2021 14:47:27 : pdf.php Update PDF URL in Database 1/2
shinycar24.de 12/20/2021 14:47:27 : Successfully update db  2/2
shinycar24.de 12/20/2021 14:47:27 : email.php Sent Email to testcenter 1/1
shinycar24.de 12/20/2021 14:47:27 : email.php Sent Email to customer 1/1
shinycar24.de 12/20/2021 19:05:01 : pdf.php Fetch data 1/2
shinycar24.de 12/20/2021 19:05:01 : Successfully data fetch from DB 2/2
shinycar24.de 12/20/2021 19:05:01 : pdf.php Create PDF 1/3
shinycar24.de 12/20/2021 19:05:01 : Successfully created PDF report for customer 14 2/3Path: reports/report_2sedYC_124.pdf 3/3
shinycar24.de 12/20/2021 19:05:01 : pdf.php Update PDF URL in Database 1/2
shinycar24.de 12/20/2021 19:05:01 : Successfully update db  2/2
shinycar24.de 12/20/2021 19:05:01 : email.php Sent Email to testcenter 1/1
shinycar24.de 12/20/2021 19:05:01 : email.php Sent Email to customer 1/1
