shinycar24.de 12/31/2021 12:57:09 : pdf.php Fetch data 1/2
shinycar24.de 12/31/2021 12:57:09 : Successfully data fetch from DB 2/2
shinycar24.de 12/31/2021 12:57:09 : pdf.php Create PDF 1/3
shinycar24.de 12/31/2021 12:57:09 : Successfully created PDF report for customer 14 2/3Path: reports/report_cEcr7b_192.pdf 3/3
shinycar24.de 12/31/2021 12:57:09 : pdf.php Update PDF URL in Database 1/2
shinycar24.de 12/31/2021 12:57:09 : Successfully update db  2/2
shinycar24.de 12/31/2021 12:57:09 : email.php Sent Email to: jan.hiweno.lorenz0@googlemail.com 1/1
shinycar24.de 12/31/2021 12:57:09 : email.php Sent Email to: jan.hiweno.lorenz0@googlemail.com 1/1
shinycar24.de 12/31/2021 13:09:30 : pdf.php Fetch data 1/2
shinycar24.de 12/31/2021 13:09:30 : Successfully data fetch from DB 2/2
shinycar24.de 12/31/2021 13:09:30 : pdf.php Create PDF 1/3
shinycar24.de 12/31/2021 13:09:30 : Successfully created PDF report for customer 14 2/3Path: reports/report_6vuni3_192.pdf 3/3
shinycar24.de 12/31/2021 13:09:30 : pdf.php Update PDF URL in Database 1/2
shinycar24.de 12/31/2021 13:09:30 : Successfully update db  2/2
shinycar24.de 12/31/2021 13:09:30 : email.php Sent Email to: jan.hiweno.lorenz0@googlemail.com 1/1
shinycar24.de 12/31/2021 13:09:30 : email.php Sent Email to: jan.hiweno.lorenz0@googlemail.com 1/1
shinycar24.de 12/31/2021 13:31:13 : pdf.php Fetch data 1/2
shinycar24.de 12/31/2021 13:31:13 : Successfully data fetch from DB 2/2
shinycar24.de 12/31/2021 13:31:13 : pdf.php Create PDF 1/3
shinycar24.de 12/31/2021 13:31:13 : Successfully created PDF report for customer 14 2/3Path: reports/report_SNqWFT_192.pdf 3/3
shinycar24.de 12/31/2021 13:31:13 : pdf.php Update PDF URL in Database 1/2
shinycar24.de 12/31/2021 13:31:13 : Successfully update db  2/2
shinycar24.de 12/31/2021 13:31:13 : email.php Sent Email to: jan.hiweno.lorenz0@googlemail.com 1/1
shinycar24.de 12/31/2021 13:31:13 : email.php Sent Email to: jan.hiweno.lorenz0@googlemail.com 1/1
shinycar24.de 12/31/2021 13:32:12 : pdf.php Fetch data 1/2
shinycar24.de 12/31/2021 13:32:12 : Successfully data fetch from DB 2/2
shinycar24.de 12/31/2021 13:32:12 : pdf.php Create PDF 1/3
shinycar24.de 12/31/2021 13:32:12 : Successfully created PDF report for customer 14 2/3Path: reports/report_7bN2Bl_192.pdf 3/3
shinycar24.de 12/31/2021 13:32:12 : pdf.php Update PDF URL in Database 1/2
shinycar24.de 12/31/2021 13:32:12 : Successfully update db  2/2
shinycar24.de 12/31/2021 13:32:12 : email.php Sent Email to: jan.hiweno.lorenz0@googlemail.com 1/1
shinycar24.de 12/31/2021 13:32:12 : email.php Sent Email to: jan.hiweno.lorenz0@googlemail.com 1/1
shinycar24.de 12/31/2021 13:37:33 : pdf.php Fetch data 1/2
shinycar24.de 12/31/2021 13:37:33 : Successfully data fetch from DB 2/2
shinycar24.de 12/31/2021 13:37:33 : pdf.php Create PDF 1/3
shinycar24.de 12/31/2021 13:37:33 : Successfully created PDF report for customer 14 2/3Path: reports/report_a1AYQT_192.pdf 3/3
shinycar24.de 12/31/2021 13:37:33 : pdf.php Update PDF URL in Database 1/2
shinycar24.de 12/31/2021 13:37:33 : Successfully update db  2/2
shinycar24.de 12/31/2021 13:37:33 : email.php Sent Email to: jan.hiweno.lorenz0@googlemail.com 1/1
shinycar24.de 12/31/2021 13:37:33 : email.php Sent Email to: jan.hiweno.lorenz0@googlemail.com 1/1
shinycar24.de 12/31/2021 13:38:11 : pdf.php Fetch data 1/2
shinycar24.de 12/31/2021 13:38:11 : Successfully data fetch from DB 2/2
shinycar24.de 12/31/2021 13:38:11 : pdf.php Create PDF 1/3
shinycar24.de 12/31/2021 13:38:11 : Successfully created PDF report for customer 14 2/3Path: reports/report_wiKzoo_192.pdf 3/3
shinycar24.de 12/31/2021 13:38:11 : pdf.php Update PDF URL in Database 1/2
shinycar24.de 12/31/2021 13:38:11 : Successfully update db  2/2
shinycar24.de 12/31/2021 13:38:11 : email.php Sent Email to: jan.hiweno.lorenz0@googlemail.com 1/1
shinycar24.de 12/31/2021 13:38:11 : email.php Sent Email to: jan.hiweno.lorenz0@googlemail.com 1/1
shinycar24.de 12/31/2021 13:39:50 : pdf.php Fetch data 1/2
shinycar24.de 12/31/2021 13:39:50 : Successfully data fetch from DB 2/2
shinycar24.de 12/31/2021 13:39:50 : pdf.php Create PDF 1/3
shinycar24.de 12/31/2021 13:39:50 : Successfully created PDF report for customer 14 2/3Path: reports/report_LqYAHT_192.pdf 3/3
shinycar24.de 12/31/2021 13:39:50 : pdf.php Update PDF URL in Database 1/2
shinycar24.de 12/31/2021 13:39:50 : Successfully update db  2/2
shinycar24.de 12/31/2021 13:39:50 : email.php Sent Email to: jan.hiweno.lorenz0@googlemail.com 1/1
shinycar24.de 12/31/2021 13:39:50 : email.php Sent Email to: jan.hiweno.lorenz0@googlemail.com 1/1
shinycar24.de 12/31/2021 16:13:16 : pdf.php Fetch data 1/2
shinycar24.de 12/31/2021 16:13:16 : Successfully data fetch from DB 2/2
shinycar24.de 12/31/2021 16:13:16 : pdf.php Create PDF 1/3
shinycar24.de 12/31/2021 16:13:16 : Successfully created PDF report for customer 23 2/3Path: reports/report_AO15SL_194.pdf 3/3
shinycar24.de 12/31/2021 16:13:16 : pdf.php Update PDF URL in Database 1/2
shinycar24.de 12/31/2021 16:13:16 : Successfully update db  2/2
shinycar24.de 12/31/2021 16:13:16 : email.php Sent Email to: jan.hiweno.lorenz0@googlemail.com 1/1
shinycar24.de 12/31/2021 16:13:16 : email.php Sent Email to: katjabehrmann3@web.de 1/1
shinycar24.de 12/31/2021 16:14:44 : pdf.php Fetch data 1/2
shinycar24.de 12/31/2021 16:14:44 : Successfully data fetch from DB 2/2
shinycar24.de 12/31/2021 16:14:44 : pdf.php Create PDF 1/3
shinycar24.de 12/31/2021 16:14:44 : Successfully created PDF report for customer 23 2/3Path: reports/report_7vtqax_194.pdf 3/3
shinycar24.de 12/31/2021 16:14:44 : pdf.php Update PDF URL in Database 1/2
shinycar24.de 12/31/2021 16:14:44 : Successfully update db  2/2
shinycar24.de 12/31/2021 16:14:44 : email.php Sent Email to: jan.hiweno.lorenz0@googlemail.com 1/1
shinycar24.de 12/31/2021 16:14:44 : email.php Sent Email to: katjabehrmann3@web.de 1/1
shinycar24.de 12/31/2021 16:16:17 : pdf.php Fetch data 1/2
shinycar24.de 12/31/2021 16:16:17 : Successfully data fetch from DB 2/2
shinycar24.de 12/31/2021 16:16:17 : pdf.php Create PDF 1/3
shinycar24.de 12/31/2021 16:16:17 : Successfully created PDF report for customer 23 2/3Path: reports/report_tM0C3R_194.pdf 3/3
shinycar24.de 12/31/2021 16:16:17 : pdf.php Update PDF URL in Database 1/2
shinycar24.de 12/31/2021 16:16:17 : Successfully update db  2/2
shinycar24.de 12/31/2021 16:16:17 : email.php Sent Email to: jan.hiweno.lorenz0@googlemail.com 1/1
shinycar24.de 12/31/2021 16:16:17 : email.php Sent Email to: katjabehrmann3@web.de 1/1
shinycar24.de 12/31/2021 16:23:08 : pdf.php Fetch data 1/2
shinycar24.de 12/31/2021 16:23:08 : Successfully data fetch from DB 2/2
shinycar24.de 12/31/2021 16:23:08 : pdf.php Create PDF 1/3
shinycar24.de 12/31/2021 16:23:08 : Successfully created PDF report for customer 23 2/3Path: reports/report_lToCtu_194.pdf 3/3
shinycar24.de 12/31/2021 16:23:08 : pdf.php Update PDF URL in Database 1/2
shinycar24.de 12/31/2021 16:23:08 : Successfully update db  2/2
shinycar24.de 12/31/2021 16:23:09 : email.php Sent Email to: jan.hiweno.lorenz0@googlemail.com 1/1
shinycar24.de 12/31/2021 16:23:09 : email.php Sent Email to: katjabehrmann3@web.de 1/1
