shinycar24.de 01/09/2022 23:17:36 : pdf.php Fetch data 1/2
shinycar24.de 01/09/2022 23:17:36 : Successfully data fetch from DB 2/2
shinycar24.de 01/09/2022 23:18:11 : pdf.php Fetch data 1/2
shinycar24.de 01/09/2022 23:18:11 : Successfully data fetch from DB 2/2
shinycar24.de 01/09/2022 23:18:11 : pdf.php Create PDF 1/3
shinycar24.de 01/09/2022 23:18:11 : Successfully created PDF report for customer 14 2/3Path: reports/report_HwaC6j_103.pdf 3/3
shinycar24.de 01/09/2022 23:18:11 : pdf.php Update PDF URL in Database 1/2
shinycar24.de 01/09/2022 23:18:11 : Successfully update db  2/2
shinycar24.de 01/09/2022 23:18:11 : email.php Sent Email to: jan.hiweno.lorenz0@googlemail.com 1/1
shinycar24.de 01/09/2022 23:18:12 : email.php Sent Email to: jan.hiweno.lorenz0@googlemail.com 1/1
shinycar24.de 01/09/2022 23:19:34 : pdf.php Fetch data 1/2
shinycar24.de 01/09/2022 23:19:34 : Successfully data fetch from DB 2/2
shinycar24.de 01/09/2022 23:19:34 : pdf.php Create PDF 1/3
shinycar24.de 01/09/2022 23:19:34 : Successfully created PDF report for customer 14 2/3Path: reports/report_PQlGyb_103.pdf 3/3
shinycar24.de 01/09/2022 23:19:34 : pdf.php Update PDF URL in Database 1/2
shinycar24.de 01/09/2022 23:19:34 : Successfully update db  2/2
shinycar24.de 01/09/2022 23:19:34 : email.php Sent Email to: jan.hiweno.lorenz0@googlemail.com 1/1
shinycar24.de 01/09/2022 23:19:34 : email.php Sent Email to: jan.hiweno.lorenz0@googlemail.com 1/1
shinycar24.de 01/09/2022 23:20:30 : pdf.php Fetch data 1/2
shinycar24.de 01/09/2022 23:20:30 : Successfully data fetch from DB 2/2
shinycar24.de 01/09/2022 23:20:30 : pdf.php Create PDF 1/3
shinycar24.de 01/09/2022 23:20:30 : Successfully created PDF report for customer 14 2/3Path: reports/report_vXGdjK_103.pdf 3/3
shinycar24.de 01/09/2022 23:20:30 : pdf.php Update PDF URL in Database 1/2
shinycar24.de 01/09/2022 23:20:30 : Successfully update db  2/2
shinycar24.de 01/09/2022 23:20:30 : email.php Sent Email to: jan.hiweno.lorenz0@googlemail.com 1/1
shinycar24.de 01/09/2022 23:20:30 : email.php Sent Email to: jan.hiweno.lorenz0@googlemail.com 1/1
shinycar24.de 01/09/2022 23:21:36 : pdf.php Fetch data 1/2
shinycar24.de 01/09/2022 23:21:36 : Successfully data fetch from DB 2/2
shinycar24.de 01/09/2022 23:21:36 : pdf.php Create PDF 1/3
shinycar24.de 01/09/2022 23:21:36 : Successfully created PDF report for customer 14 2/3Path: reports/report_eb6SVh_103.pdf 3/3
shinycar24.de 01/09/2022 23:21:36 : pdf.php Update PDF URL in Database 1/2
shinycar24.de 01/09/2022 23:21:36 : Successfully update db  2/2
shinycar24.de 01/09/2022 23:21:36 : email.php Sent Email to: jan.hiweno.lorenz0@googlemail.com 1/1
shinycar24.de 01/09/2022 23:21:36 : email.php Sent Email to: jan.hiweno.lorenz0@googlemail.com 1/1
shinycar24.de 01/09/2022 23:22:41 : pdf.php Fetch data 1/2
shinycar24.de 01/09/2022 23:22:41 : Successfully data fetch from DB 2/2
shinycar24.de 01/09/2022 23:22:41 : pdf.php Create PDF 1/3
shinycar24.de 01/09/2022 23:22:41 : Successfully created PDF report for customer 14 2/3Path: reports/report_djUadh_103.pdf 3/3
shinycar24.de 01/09/2022 23:22:41 : pdf.php Update PDF URL in Database 1/2
shinycar24.de 01/09/2022 23:22:41 : Successfully update db  2/2
shinycar24.de 01/09/2022 23:22:41 : email.php Sent Email to: jan.hiweno.lorenz0@googlemail.com 1/1
shinycar24.de 01/09/2022 23:22:41 : email.php Sent Email to: jan.hiweno.lorenz0@googlemail.com 1/1
shinycar24.de 01/09/2022 23:23:42 : pdf.php Fetch data 1/2
shinycar24.de 01/09/2022 23:23:42 : Successfully data fetch from DB 2/2
shinycar24.de 01/09/2022 23:23:42 : pdf.php Create PDF 1/3
shinycar24.de 01/09/2022 23:23:42 : Successfully created PDF report for customer 14 2/3Path: reports/report_mvkkxQ_103.pdf 3/3
shinycar24.de 01/09/2022 23:23:42 : pdf.php Update PDF URL in Database 1/2
shinycar24.de 01/09/2022 23:23:42 : Successfully update db  2/2
shinycar24.de 01/09/2022 23:23:42 : email.php Sent Email to: jan.hiweno.lorenz0@googlemail.com 1/1
shinycar24.de 01/09/2022 23:23:42 : email.php Sent Email to: jan.hiweno.lorenz0@googlemail.com 1/1
