shinycar24.de 01/12/2022 13:07:27 : pdf.php Fetch data 1/2
shinycar24.de 01/12/2022 13:07:27 : Successfully data fetch from DB 2/2
shinycar24.de 01/12/2022 13:07:27 : pdf.php Create PDF 1/3
shinycar24.de 01/12/2022 13:07:27 : Successfully created PDF report for customer 21 2/3Path: reports/report_0f7T1a_103.pdf 3/3
shinycar24.de 01/12/2022 13:07:27 : pdf.php Update PDF URL in Database 1/2
shinycar24.de 01/12/2022 13:07:27 : Successfully update db  2/2
shinycar24.de 01/12/2022 13:07:27 : email.php Sent Email to: jan.hiweno.lorenz0@googlemail.com 1/1
shinycar24.de 01/12/2022 13:07:27 : email.php Sent Email to: jan.hiweno.lorenz0@googmail.com 1/1
shinycar24.de 01/12/2022 13:09:48 : pdf.php Fetch data 1/2
shinycar24.de 01/12/2022 13:09:48 : Successfully data fetch from DB 2/2
shinycar24.de 01/12/2022 13:09:49 : pdf.php Create PDF 1/3
shinycar24.de 01/12/2022 13:09:49 : Successfully created PDF report for customer 21 2/3Path: reports/report_9tbnzO_103.pdf 3/3
shinycar24.de 01/12/2022 13:09:49 : pdf.php Update PDF URL in Database 1/2
shinycar24.de 01/12/2022 13:09:49 : Successfully update db  2/2
shinycar24.de 01/12/2022 13:09:49 : email.php Sent Email to: jan.hiweno.lorenz0@googlemail.com 1/1
shinycar24.de 01/12/2022 13:09:49 : email.php Sent Email to: jan.hiweno.lorenz0@googmail.com 1/1
shinycar24.de 01/12/2022 13:11:13 : pdf.php Fetch data 1/2
shinycar24.de 01/12/2022 13:11:13 : Successfully data fetch from DB 2/2
shinycar24.de 01/12/2022 13:11:14 : pdf.php Create PDF 1/3
shinycar24.de 01/12/2022 13:11:14 : Successfully created PDF report for customer 21 2/3Path: reports/report_mP79L2_103.pdf 3/3
shinycar24.de 01/12/2022 13:11:14 : pdf.php Update PDF URL in Database 1/2
shinycar24.de 01/12/2022 13:11:14 : Successfully update db  2/2
shinycar24.de 01/12/2022 13:11:14 : email.php Sent Email to: jan.hiweno.lorenz0@googlemail.com 1/1
shinycar24.de 01/12/2022 13:11:14 : email.php Sent Email to: jan.hiweno.lorenz0@googmail.com 1/1
shinycar24.de 01/12/2022 13:13:39 : pdf.php Fetch data 1/2
shinycar24.de 01/12/2022 13:13:39 : Successfully data fetch from DB 2/2
shinycar24.de 01/12/2022 13:13:39 : pdf.php Create PDF 1/3
shinycar24.de 01/12/2022 13:13:39 : Successfully created PDF report for customer 21 2/3Path: reports/report_WzZ9GJ_103.pdf 3/3
shinycar24.de 01/12/2022 13:13:39 : pdf.php Update PDF URL in Database 1/2
shinycar24.de 01/12/2022 13:13:39 : Successfully update db  2/2
shinycar24.de 01/12/2022 13:13:39 : email.php Sent Email to: jan.hiweno.lorenz0@googlemail.com 1/1
shinycar24.de 01/12/2022 13:13:39 : email.php Sent Email to: jan.hiweno.lorenz0@googmail.com 1/1
shinycar24.de 01/12/2022 13:14:15 : pdf.php Fetch data 1/2
shinycar24.de 01/12/2022 13:14:15 : Successfully data fetch from DB 2/2
shinycar24.de 01/12/2022 13:14:15 : pdf.php Create PDF 1/3
shinycar24.de 01/12/2022 13:14:15 : Successfully created PDF report for customer 14 2/3Path: reports/report_dIgG4f_104.pdf 3/3
shinycar24.de 01/12/2022 13:14:15 : pdf.php Update PDF URL in Database 1/2
shinycar24.de 01/12/2022 13:14:15 : Successfully update db  2/2
shinycar24.de 01/12/2022 13:14:15 : email.php Sent Email to: jan.hiweno.lorenz0@googlemail.com 1/1
shinycar24.de 01/12/2022 13:14:15 : email.php Sent Email to: jan.hiweno.lorenz0@googlemail.com 1/1
shinycar24.de 01/12/2022 13:14:57 : pdf.php Fetch data 1/2
shinycar24.de 01/12/2022 13:14:57 : Successfully data fetch from DB 2/2
shinycar24.de 01/12/2022 13:14:57 : pdf.php Create PDF 1/3
shinycar24.de 01/12/2022 13:14:57 : Successfully created PDF report for customer 14 2/3Path: reports/report_Zv2FYU_104.pdf 3/3
shinycar24.de 01/12/2022 13:14:57 : pdf.php Update PDF URL in Database 1/2
shinycar24.de 01/12/2022 13:14:57 : Successfully update db  2/2
shinycar24.de 01/12/2022 13:14:57 : email.php Sent Email to: jan.hiweno.lorenz0@googlemail.com 1/1
shinycar24.de 01/12/2022 13:14:58 : email.php Sent Email to: jan.hiweno.lorenz0@googlemail.com 1/1
shinycar24.de 01/12/2022 13:20:08 : pdf.php Fetch data 1/2
shinycar24.de 01/12/2022 13:20:08 : Successfully data fetch from DB 2/2
shinycar24.de 01/12/2022 13:20:08 : pdf.php Create PDF 1/3
shinycar24.de 01/12/2022 13:20:08 : Successfully created PDF report for customer 21 2/3Path: reports/report_iqynt9_103.pdf 3/3
shinycar24.de 01/12/2022 13:20:08 : pdf.php Update PDF URL in Database 1/2
shinycar24.de 01/12/2022 13:20:08 : Successfully update db  2/2
shinycar24.de 01/12/2022 13:20:08 : email.php Sent Email to: jan.hiweno.lorenz0@googlemail.com 1/1
shinycar24.de 01/12/2022 13:20:08 : email.php Sent Email to: jan.hiweno.lorenz0@googmail.com 1/1
shinycar24.de 01/12/2022 13:21:04 : pdf.php Fetch data 1/2
shinycar24.de 01/12/2022 13:21:04 : Successfully data fetch from DB 2/2
shinycar24.de 01/12/2022 13:21:05 : pdf.php Create PDF 1/3
shinycar24.de 01/12/2022 13:21:05 : Successfully created PDF report for customer 21 2/3Path: reports/report_S3yAqF_103.pdf 3/3
shinycar24.de 01/12/2022 13:21:05 : pdf.php Update PDF URL in Database 1/2
shinycar24.de 01/12/2022 13:21:05 : Successfully update db  2/2
shinycar24.de 01/12/2022 13:21:05 : email.php Sent Email to: jan.hiweno.lorenz0@googlemail.com 1/1
shinycar24.de 01/12/2022 13:21:05 : email.php Sent Email to: jan.hiweno.lorenz0@googmail.com 1/1
shinycar24.de 01/12/2022 13:29:10 : pdf.php Fetch data 1/2
shinycar24.de 01/12/2022 13:29:10 : Successfully data fetch from DB 2/2
shinycar24.de 01/12/2022 13:29:10 : pdf.php Create PDF 1/3
shinycar24.de 01/12/2022 13:29:10 : Successfully created PDF report for customer 21 2/3Path: reports/report_TGQjCp_103.pdf 3/3
shinycar24.de 01/12/2022 13:29:10 : pdf.php Update PDF URL in Database 1/2
shinycar24.de 01/12/2022 13:29:10 : Successfully update db  2/2
shinycar24.de 01/12/2022 13:29:10 : email.php Sent Email to: jan.hiweno.lorenz0@googlemail.com 1/1
shinycar24.de 01/12/2022 13:29:10 : email.php Sent Email to: jan.hiweno.lorenz0@googmail.com 1/1
shinycar24.de 01/12/2022 13:45:56 : pdf.php Fetch data 1/2
shinycar24.de 01/12/2022 13:45:56 : Successfully data fetch from DB 2/2
shinycar24.de 01/12/2022 13:45:56 : pdf.php Create PDF 1/3
shinycar24.de 01/12/2022 13:45:56 : Successfully created PDF report for customer 21 2/3Path: reports/report_U6rK6M_103.pdf 3/3
shinycar24.de 01/12/2022 13:45:56 : pdf.php Update PDF URL in Database 1/2
shinycar24.de 01/12/2022 13:45:56 : Successfully update db  2/2
shinycar24.de 01/12/2022 13:45:56 : email.php Sent Email to: jan.hiweno.lorenz0@googlemail.com 1/1
shinycar24.de 01/12/2022 13:45:56 : email.php Sent Email to: jan.hiweno.lorenz0@googmail.com 1/1
shinycar24.de 01/12/2022 13:46:35 : pdf.php Fetch data 1/2
shinycar24.de 01/12/2022 13:46:35 : Successfully data fetch from DB 2/2
shinycar24.de 01/12/2022 13:46:35 : pdf.php Create PDF 1/3
shinycar24.de 01/12/2022 13:46:35 : Successfully created PDF report for customer 21 2/3Path: reports/report_z9Vf50_103.pdf 3/3
shinycar24.de 01/12/2022 13:46:35 : pdf.php Update PDF URL in Database 1/2
shinycar24.de 01/12/2022 13:46:35 : Successfully update db  2/2
shinycar24.de 01/12/2022 13:46:35 : email.php Sent Email to: jan.hiweno.lorenz0@googlemail.com 1/1
shinycar24.de 01/12/2022 13:46:35 : email.php Sent Email to: jan.hiweno.lorenz0@googmail.com 1/1
shinycar24.de 01/12/2022 13:48:27 : pdf.php Fetch data 1/2
shinycar24.de 01/12/2022 13:48:27 : Successfully data fetch from DB 2/2
shinycar24.de 01/12/2022 13:48:27 : pdf.php Create PDF 1/3
shinycar24.de 01/12/2022 13:48:27 : Successfully created PDF report for customer 21 2/3Path: reports/report_nfcgjA_103.pdf 3/3
shinycar24.de 01/12/2022 13:48:27 : pdf.php Update PDF URL in Database 1/2
shinycar24.de 01/12/2022 13:48:27 : Successfully update db  2/2
shinycar24.de 01/12/2022 13:48:27 : email.php Sent Email to: jan.hiweno.lorenz0@googlemail.com 1/1
shinycar24.de 01/12/2022 13:48:27 : email.php Sent Email to: jan.hiweno.lorenz0@googmail.com 1/1
shinycar24.de 01/12/2022 13:49:02 : pdf.php Fetch data 1/2
shinycar24.de 01/12/2022 13:49:02 : Successfully data fetch from DB 2/2
shinycar24.de 01/12/2022 13:49:02 : pdf.php Create PDF 1/3
shinycar24.de 01/12/2022 13:49:02 : Successfully created PDF report for customer 21 2/3Path: reports/report_YJLybd_103.pdf 3/3
shinycar24.de 01/12/2022 13:49:02 : pdf.php Update PDF URL in Database 1/2
shinycar24.de 01/12/2022 13:49:02 : Successfully update db  2/2
shinycar24.de 01/12/2022 13:49:02 : email.php Sent Email to: jan.hiweno.lorenz0@googlemail.com 1/1
shinycar24.de 01/12/2022 13:49:02 : email.php Sent Email to: jan.hiweno.lorenz0@googmail.com 1/1
