shinycar24.de 12/23/2021 12:02:08 : pdf.php Fetch data 1/2
shinycar24.de 12/23/2021 12:02:08 : Successfully data fetch from DB 2/2
shinycar24.de 12/23/2021 12:02:08 : pdf.php Create PDF 1/3
shinycar24.de 12/23/2021 12:02:08 : Successfully created PDF report for customer 32 2/3Path: reports/report_D6oeYx_148.pdf 3/3
shinycar24.de 12/23/2021 12:02:08 : pdf.php Update PDF URL in Database 1/2
shinycar24.de 12/23/2021 12:02:08 : Successfully update db  2/2
shinycar24.de 12/23/2021 12:02:08 : email.php Sent Email to testcenter 1/1
shinycar24.de 12/23/2021 12:02:08 : email.php Sent Email for Test 148 1/1
shinycar24.de 12/23/2021 13:40:48 : pdf.php Fetch data 1/2
shinycar24.de 12/23/2021 13:40:48 : Successfully data fetch from DB 2/2
shinycar24.de 12/23/2021 13:40:48 : pdf.php Create PDF 1/3
shinycar24.de 12/23/2021 13:40:48 : Successfully created PDF report for customer 14 2/3Path: reports/report_pDRge3_103.pdf 3/3
shinycar24.de 12/23/2021 13:40:48 : pdf.php Update PDF URL in Database 1/2
shinycar24.de 12/23/2021 13:40:48 : Successfully update db  2/2
shinycar24.de 12/23/2021 13:40:48 : email.php Sent Email to: jan.hiweno.lorenz0@googlemail.com 1/1
shinycar24.de 12/23/2021 13:40:48 : email.php Sent Email to: jan.hiweno.lorenz0@googlemail.com 1/1
shinycar24.de 12/23/2021 13:42:42 : pdf.php Fetch data 1/2
shinycar24.de 12/23/2021 13:42:42 : Successfully data fetch from DB 2/2
shinycar24.de 12/23/2021 13:42:42 : pdf.php Create PDF 1/3
shinycar24.de 12/23/2021 13:42:42 : Successfully created PDF report for customer 14 2/3Path: reports/report_bIj7Uk_103.pdf 3/3
shinycar24.de 12/23/2021 13:42:42 : pdf.php Update PDF URL in Database 1/2
shinycar24.de 12/23/2021 13:42:42 : Successfully update db  2/2
shinycar24.de 12/23/2021 13:42:42 : email.php Sent Email to: jan.hiweno.lorenz0@googlemail.com 1/1
shinycar24.de 12/23/2021 13:42:42 : email.php Sent Email to: jan.hiweno.lorenz0@googlemail.com 1/1
shinycar24.de 12/23/2021 13:47:59 : pdf.php Fetch data 1/2
shinycar24.de 12/23/2021 13:47:59 : Successfully data fetch from DB 2/2
shinycar24.de 12/23/2021 13:47:59 : pdf.php Create PDF 1/3
shinycar24.de 12/23/2021 13:47:59 : Successfully created PDF report for customer 14 2/3Path: reports/report_QfulXQ_103.pdf 3/3
shinycar24.de 12/23/2021 13:47:59 : pdf.php Update PDF URL in Database 1/2
shinycar24.de 12/23/2021 13:47:59 : Successfully update db  2/2
shinycar24.de 12/23/2021 13:47:59 : email.php Sent Email to: jan.hiweno.lorenz0@googlemail.com 1/1
shinycar24.de 12/23/2021 13:47:59 : email.php Sent Email to: jan.hiweno.lorenz0@googlemail.com 1/1
shinycar24.de 12/23/2021 13:48:54 : pdf.php Fetch data 1/2
shinycar24.de 12/23/2021 13:48:54 : Successfully data fetch from DB 2/2
shinycar24.de 12/23/2021 13:48:54 : pdf.php Create PDF 1/3
shinycar24.de 12/23/2021 13:48:54 : Successfully created PDF report for customer 14 2/3Path: reports/report_nPlvdL_103.pdf 3/3
shinycar24.de 12/23/2021 13:48:54 : pdf.php Update PDF URL in Database 1/2
shinycar24.de 12/23/2021 13:48:54 : Successfully update db  2/2
shinycar24.de 12/23/2021 13:48:54 : email.php Sent Email to: jan.hiweno.lorenz0@googlemail.com 1/1
shinycar24.de 12/23/2021 13:48:54 : email.php Sent Email to: jan.hiweno.lorenz0@googlemail.com 1/1
shinycar24.de 12/23/2021 13:52:38 : pdf.php Fetch data 1/2
shinycar24.de 12/23/2021 13:52:38 : Successfully data fetch from DB 2/2
shinycar24.de 12/23/2021 13:52:38 : pdf.php Create PDF 1/3
shinycar24.de 12/23/2021 13:52:38 : Successfully created PDF report for customer 14 2/3Path: reports/report_J0Wgd0_103.pdf 3/3
shinycar24.de 12/23/2021 13:52:38 : pdf.php Update PDF URL in Database 1/2
shinycar24.de 12/23/2021 13:52:38 : Successfully update db  2/2
shinycar24.de 12/23/2021 13:52:38 : email.php Sent Email to: jan.hiweno.lorenz0@googlemail.com 1/1
shinycar24.de 12/23/2021 13:52:38 : email.php Sent Email to: jan.hiweno.lorenz0@googlemail.com 1/1
shinycar24.de 12/23/2021 13:55:43 : pdf.php Fetch data 1/2
shinycar24.de 12/23/2021 13:55:43 : Successfully data fetch from DB 2/2
shinycar24.de 12/23/2021 13:55:43 : pdf.php Create PDF 1/3
shinycar24.de 12/23/2021 13:55:43 : Successfully created PDF report for customer 14 2/3Path: reports/report_mHBdMt_103.pdf 3/3
shinycar24.de 12/23/2021 13:55:43 : pdf.php Update PDF URL in Database 1/2
shinycar24.de 12/23/2021 13:55:43 : Successfully update db  2/2
shinycar24.de 12/23/2021 13:55:43 : email.php Sent Email to: jan.hiweno.lorenz0@googlemail.com 1/1
shinycar24.de 12/23/2021 13:55:43 : email.php Sent Email to: jan.hiweno.lorenz0@googlemail.com 1/1
shinycar24.de 12/23/2021 13:56:16 : pdf.php Fetch data 1/2
shinycar24.de 12/23/2021 13:56:16 : Successfully data fetch from DB 2/2
shinycar24.de 12/23/2021 13:56:16 : pdf.php Fetch data 1/2
shinycar24.de 12/23/2021 13:56:16 : Successfully data fetch from DB 2/2
shinycar24.de 12/23/2021 13:56:16 : pdf.php Fetch data 1/2
shinycar24.de 12/23/2021 13:56:16 : Successfully data fetch from DB 2/2
shinycar24.de 12/23/2021 13:56:16 : pdf.php Create PDF 1/3
shinycar24.de 12/23/2021 13:56:16 : Successfully created PDF report for customer 19 2/3Path: reports/report_cnKl58_151.pdf 3/3
shinycar24.de 12/23/2021 13:56:16 : pdf.php Update PDF URL in Database 1/2
shinycar24.de 12/23/2021 13:56:16 : Successfully update db  2/2
shinycar24.de 12/23/2021 13:56:16 : pdf.php Create PDF 1/3
shinycar24.de 12/23/2021 13:56:16 : Successfully created PDF report for customer 14 2/3Path: reports/report_LbnzoE_149.pdf 3/3
shinycar24.de 12/23/2021 13:56:16 : pdf.php Update PDF URL in Database 1/2
shinycar24.de 12/23/2021 13:56:16 : Successfully update db  2/2
shinycar24.de 12/23/2021 13:56:16 : pdf.php Create PDF 1/3
shinycar24.de 12/23/2021 13:56:16 : Successfully created PDF report for customer 16 2/3Path: reports/report_rjKdJS_150.pdf 3/3
shinycar24.de 12/23/2021 13:56:16 : pdf.php Update PDF URL in Database 1/2
shinycar24.de 12/23/2021 13:56:16 : Successfully update db  2/2
shinycar24.de 12/23/2021 13:56:16 : email.php Sent Email to: jan.hiweno.lorenz0@googlemail.com 1/1
shinycar24.de 12/23/2021 13:56:16 : email.php Sent Email to: jan.hiweno.lorenz0@googlemail.com 1/1
shinycar24.de 12/23/2021 13:56:16 : email.php Sent Email to: jan.hiweno.lorenz0@googlemail.com 1/1
shinycar24.de 12/23/2021 13:56:16 : email.php Sent Email to: jan.hiweno.lorenz0@googlemail.com 1/1
shinycar24.de 12/23/2021 13:56:16 : email.php Sent Email to: alvaro.ro@gmx.de 1/1
shinycar24.de 12/23/2021 13:56:16 : email.php Sent Email to: UserCov@t-online.de 1/1
shinycar24.de 12/23/2021 13:57:03 : pdf.php Fetch data 1/2
shinycar24.de 12/23/2021 13:57:03 : Successfully data fetch from DB 2/2
shinycar24.de 12/23/2021 13:57:03 : pdf.php Create PDF 1/3
shinycar24.de 12/23/2021 13:57:03 : Successfully created PDF report for customer 14 2/3Path: reports/report_Cs7RSf_117.pdf 3/3
shinycar24.de 12/23/2021 13:57:03 : pdf.php Update PDF URL in Database 1/2
shinycar24.de 12/23/2021 13:57:03 : Successfully update db  2/2
shinycar24.de 12/23/2021 13:57:03 : email.php Sent Email to: jan.hiweno.lorenz0@googlemail.com 1/1
shinycar24.de 12/23/2021 13:57:03 : email.php Sent Email to: jan.hiweno.lorenz0@googlemail.com 1/1
shinycar24.de 12/23/2021 13:59:39 : pdf.php Fetch data 1/2
shinycar24.de 12/23/2021 13:59:39 : Successfully data fetch from DB 2/2
shinycar24.de 12/23/2021 13:59:39 : pdf.php Create PDF 1/3
shinycar24.de 12/23/2021 13:59:39 : Successfully created PDF report for customer 14 2/3Path: reports/report_wEwTmC_103.pdf 3/3
shinycar24.de 12/23/2021 13:59:39 : pdf.php Update PDF URL in Database 1/2
shinycar24.de 12/23/2021 13:59:39 : Successfully update db  2/2
shinycar24.de 12/23/2021 13:59:39 : email.php Sent Email to: jan.hiweno.lorenz0@googlemail.com 1/1
shinycar24.de 12/23/2021 13:59:40 : email.php Sent Email to: jan.hiweno.lorenz0@googlemail.com 1/1
shinycar24.de 12/23/2021 19:09:32 : pdf.php Fetch data 1/2
shinycar24.de 12/23/2021 19:09:32 : Successfully data fetch from DB 2/2
shinycar24.de 12/23/2021 19:09:32 : pdf.php Create PDF 1/3
shinycar24.de 12/23/2021 19:09:32 : Successfully created PDF report for customer 14 2/3Path: reports/report_5QHAJG_171.pdf 3/3
shinycar24.de 12/23/2021 19:09:32 : pdf.php Update PDF URL in Database 1/2
shinycar24.de 12/23/2021 19:09:32 : Successfully update db  2/2
shinycar24.de 12/23/2021 19:09:32 : email.php Sent Email to: jan.hiweno.lorenz0@googlemail.com 1/1
shinycar24.de 12/23/2021 19:09:32 : email.php Sent Email to: jan.hiweno.lorenz0@googlemail.com 1/1
shinycar24.de 12/23/2021 19:57:51 : pdf.php Fetch data 1/2
shinycar24.de 12/23/2021 19:57:51 : Successfully data fetch from DB 2/2
shinycar24.de 12/23/2021 19:57:52 : pdf.php Create PDF 1/3
shinycar24.de 12/23/2021 19:57:52 : Successfully created PDF report for customer 14 2/3Path: reports/report_TNQ8W9_174.pdf 3/3
shinycar24.de 12/23/2021 19:57:52 : pdf.php Update PDF URL in Database 1/2
shinycar24.de 12/23/2021 19:57:52 : Successfully update db  2/2
shinycar24.de 12/23/2021 19:57:52 : email.php Sent Email to: jan.hiweno.lorenz0@googlemail.com 1/1
shinycar24.de 12/23/2021 19:57:52 : email.php Sent Email to: jan.hiweno.lorenz0@googlemail.com 1/1
shinycar24.de 12/23/2021 19:59:47 : pdf.php Fetch data 1/2
shinycar24.de 12/23/2021 19:59:47 : Successfully data fetch from DB 2/2
shinycar24.de 12/23/2021 19:59:47 : pdf.php Create PDF 1/3
shinycar24.de 12/23/2021 19:59:47 : Successfully created PDF report for customer 14 2/3Path: reports/report_AEJIGt_174.pdf 3/3
shinycar24.de 12/23/2021 19:59:47 : pdf.php Update PDF URL in Database 1/2
shinycar24.de 12/23/2021 19:59:47 : Successfully update db  2/2
shinycar24.de 12/23/2021 19:59:47 : email.php Sent Email to: jan.hiweno.lorenz0@googlemail.com 1/1
shinycar24.de 12/23/2021 19:59:47 : email.php Sent Email to: jan.hiweno.lorenz0@googlemail.com 1/1
