shinycar24.de 01/22/2022 18:32:26 : pdf.php Fetch data 1/2
shinycar24.de 01/22/2022 18:32:26 : Successfully data fetch from DB 2/2
shinycar24.de 01/22/2022 18:32:26 : pdf.php Create PDF 1/3
shinycar24.de 01/22/2022 18:32:26 : Successfully created PDF report for customer 14 2/3Path: reports/report_N5i7BD_192.pdf 3/3
shinycar24.de 01/22/2022 18:32:26 : pdf.php Update PDF URL in Database 1/2
shinycar24.de 01/22/2022 18:32:26 : Successfully update db  2/2
shinycar24.de 01/22/2022 18:32:26 : email.php Sent Email failed to customer  1/2
shinycar24.de 01/22/2022 18:32:26 : Mailer Error: Invalid address:  (to):  2/2
shinycar24.de 01/22/2022 18:32:27 : email.php Sent Email to: jan.hiweno.lorenz0@googlemail.com 1/1
shinycar24.de 01/22/2022 18:33:27 : pdf.php Fetch data 1/2
shinycar24.de 01/22/2022 18:33:27 : Successfully data fetch from DB 2/2
shinycar24.de 01/22/2022 18:33:27 : pdf.php Create PDF 1/3
shinycar24.de 01/22/2022 18:33:27 : Successfully created PDF report for customer 14 2/3Path: reports/report_n8XYvo_192.pdf 3/3
shinycar24.de 01/22/2022 18:33:27 : pdf.php Update PDF URL in Database 1/2
shinycar24.de 01/22/2022 18:33:27 : Successfully update db  2/2
shinycar24.de 01/22/2022 18:33:27 : email.php Sent Email failed to customer  1/2
shinycar24.de 01/22/2022 18:33:27 : Mailer Error: Invalid address:  (to):  2/2
shinycar24.de 01/22/2022 18:33:28 : email.php Sent Email to: jan.hiweno.lorenz0@googlemail.com 1/1
shinycar24.de 01/22/2022 18:35:07 : pdf.php Fetch data 1/2
shinycar24.de 01/22/2022 18:35:07 : Successfully data fetch from DB 2/2
shinycar24.de 01/22/2022 18:35:08 : pdf.php Create PDF 1/3
shinycar24.de 01/22/2022 18:35:08 : Successfully created PDF report for customer 14 2/3Path: reports/report_boO2cI_192.pdf 3/3
shinycar24.de 01/22/2022 18:35:08 : pdf.php Update PDF URL in Database 1/2
shinycar24.de 01/22/2022 18:35:08 : Successfully update db  2/2
shinycar24.de 01/22/2022 18:35:08 : email.php Sent Email failed to customer  1/2
shinycar24.de 01/22/2022 18:35:08 : Mailer Error: Invalid address:  (to):  2/2
shinycar24.de 01/22/2022 18:35:08 : email.php Sent Email to: jan.hiweno.lorenz0@googlemail.com 1/1
shinycar24.de 01/22/2022 18:39:13 : pdf.php Fetch data 1/2
shinycar24.de 01/22/2022 18:39:13 : Successfully data fetch from DB 2/2
shinycar24.de 01/22/2022 18:39:13 : pdf.php Create PDF 1/3
shinycar24.de 01/22/2022 18:39:13 : Successfully created PDF report for customer 14 2/3Path: reports/report_BvM3cb_192.pdf 3/3
shinycar24.de 01/22/2022 18:39:13 : pdf.php Update PDF URL in Database 1/2
shinycar24.de 01/22/2022 18:39:13 : Successfully update db  2/2
shinycar24.de 01/22/2022 18:39:13 : email.php Sent Email failed to customer  1/2
shinycar24.de 01/22/2022 18:39:13 : Mailer Error: Invalid address:  (to):  2/2
shinycar24.de 01/22/2022 18:39:13 : email.php Sent Email to: jan.hiweno.lorenz0@googlemail.com 1/1
shinycar24.de 01/22/2022 18:39:47 : pdf.php Fetch data 1/2
shinycar24.de 01/22/2022 18:39:47 : Successfully data fetch from DB 2/2
shinycar24.de 01/22/2022 18:39:47 : pdf.php Create PDF 1/3
shinycar24.de 01/22/2022 18:39:47 : Successfully created PDF report for customer 14 2/3Path: reports/report_klMv6Q_192.pdf 3/3
shinycar24.de 01/22/2022 18:39:47 : pdf.php Update PDF URL in Database 1/2
shinycar24.de 01/22/2022 18:39:47 : Successfully update db  2/2
shinycar24.de 01/22/2022 18:39:47 : email.php Sent Email failed to customer  1/2
shinycar24.de 01/22/2022 18:39:47 : Mailer Error: Invalid address:  (to):  2/2
shinycar24.de 01/22/2022 18:39:48 : email.php Sent Email to: jan.hiweno.lorenz0@googlemail.com 1/1
shinycar24.de 01/22/2022 18:40:18 : pdf.php Fetch data 1/2
shinycar24.de 01/22/2022 18:40:18 : Successfully data fetch from DB 2/2
shinycar24.de 01/22/2022 18:40:18 : pdf.php Create PDF 1/3
shinycar24.de 01/22/2022 18:40:18 : Successfully created PDF report for customer 14 2/3Path: reports/report_4vfnjp_192.pdf 3/3
shinycar24.de 01/22/2022 18:40:18 : pdf.php Update PDF URL in Database 1/2
shinycar24.de 01/22/2022 18:40:18 : Successfully update db  2/2
shinycar24.de 01/22/2022 18:40:18 : email.php Sent Email failed to customer  1/2
shinycar24.de 01/22/2022 18:40:18 : Mailer Error: Invalid address:  (to):  2/2
shinycar24.de 01/22/2022 18:40:19 : email.php Sent Email to: jan.hiweno.lorenz0@googlemail.com 1/1
shinycar24.de 01/22/2022 18:42:14 : pdf.php Fetch data 1/2
shinycar24.de 01/22/2022 18:42:14 : Successfully data fetch from DB 2/2
shinycar24.de 01/22/2022 18:42:14 : pdf.php Create PDF 1/3
shinycar24.de 01/22/2022 18:42:14 : Successfully created PDF report for customer 14 2/3Path: reports/report_qmAQjv_192.pdf 3/3
shinycar24.de 01/22/2022 18:42:14 : pdf.php Update PDF URL in Database 1/2
shinycar24.de 01/22/2022 18:42:14 : Successfully update db  2/2
shinycar24.de 01/22/2022 18:42:14 : email.php Sent Email failed to customer  1/2
shinycar24.de 01/22/2022 18:42:14 : Mailer Error: Invalid address:  (to):  2/2
shinycar24.de 01/22/2022 18:42:15 : email.php Sent Email to: jan.hiweno.lorenz0@googlemail.com 1/1
shinycar24.de 01/22/2022 18:43:08 : pdf.php Fetch data 1/2
shinycar24.de 01/22/2022 18:43:08 : Successfully data fetch from DB 2/2
shinycar24.de 01/22/2022 18:43:08 : pdf.php Create PDF 1/3
shinycar24.de 01/22/2022 18:43:08 : Successfully created PDF report for customer 14 2/3Path: reports/report_mYnGLq_192.pdf 3/3
shinycar24.de 01/22/2022 18:43:08 : pdf.php Update PDF URL in Database 1/2
shinycar24.de 01/22/2022 18:43:08 : Successfully update db  2/2
shinycar24.de 01/22/2022 18:43:08 : email.php Sent Email failed to customer  1/2
shinycar24.de 01/22/2022 18:43:08 : Mailer Error: Invalid address:  (to):  2/2
shinycar24.de 01/22/2022 18:43:09 : email.php Sent Email to: jan.hiweno.lorenz0@googlemail.com 1/1
shinycar24.de 01/22/2022 20:00:51 : pdf.php Fetch data 1/2
shinycar24.de 01/22/2022 20:00:51 : Successfully data fetch from DB 2/2
shinycar24.de 01/22/2022 20:00:51 : pdf.php Create PDF 1/3
shinycar24.de 01/22/2022 20:00:51 : Successfully created PDF report for customer 23 2/3Path: reports/report_2V8anL_195.pdf 3/3
shinycar24.de 01/22/2022 20:00:51 : pdf.php Update PDF URL in Database 1/2
shinycar24.de 01/22/2022 20:00:51 : Successfully update db  2/2
shinycar24.de 01/22/2022 20:00:52 : email.php Sent Email to: xberg@checkpoint-schnelltest.de 1/1
shinycar24.de 01/22/2022 20:00:52 : email.php Sent Email to: katjabehrmann3@web.de 1/1
shinycar24.de 01/22/2022 20:04:43 : pdf.php Fetch data 1/2
shinycar24.de 01/22/2022 20:04:43 : Successfully data fetch from DB 2/2
shinycar24.de 01/22/2022 20:04:43 : pdf.php Create PDF 1/3
shinycar24.de 01/22/2022 20:04:43 : Successfully created PDF report for customer 23 2/3Path: reports/report_lUzJm8_195.pdf 3/3
shinycar24.de 01/22/2022 20:04:43 : pdf.php Update PDF URL in Database 1/2
shinycar24.de 01/22/2022 20:04:43 : Successfully update db  2/2
shinycar24.de 01/22/2022 20:04:44 : email.php Sent Email to: jan.hiweno.lorenz0@googlemail.com 1/1
shinycar24.de 01/22/2022 20:04:44 : email.php Sent Email to: katjabehrmann3@web.de 1/1
shinycar24.de 01/22/2022 20:48:14 : pdf.php Fetch data 1/2
shinycar24.de 01/22/2022 20:48:14 : Successfully data fetch from DB 2/2
shinycar24.de 01/22/2022 20:48:15 : pdf.php Create PDF 1/3
shinycar24.de 01/22/2022 20:48:15 : Successfully created PDF report for customer 14 2/3Path: reports/report_7SDVnp_183.pdf 3/3
shinycar24.de 01/22/2022 20:48:15 : pdf.php Update PDF URL in Database 1/2
shinycar24.de 01/22/2022 20:48:15 : Successfully update db  2/2
shinycar24.de 01/22/2022 20:54:57 : pdf.php Fetch data 1/2
shinycar24.de 01/22/2022 20:54:57 : Successfully data fetch from DB 2/2
shinycar24.de 01/22/2022 20:54:57 : pdf.php Create PDF 1/3
shinycar24.de 01/22/2022 20:54:57 : Successfully created PDF report for customer 14 2/3Path: reports/report_3zRjpW_183.pdf 3/3
shinycar24.de 01/22/2022 20:54:57 : pdf.php Update PDF URL in Database 1/2
shinycar24.de 01/22/2022 20:54:57 : Successfully update db  2/2
shinycar24.de 01/22/2022 20:59:46 : pdf.php Fetch data 1/2
shinycar24.de 01/22/2022 20:59:46 : Successfully data fetch from DB 2/2
shinycar24.de 01/22/2022 20:59:46 : pdf.php Create PDF 1/3
shinycar24.de 01/22/2022 20:59:46 : Successfully created PDF report for customer 14 2/3Path: reports/report_GN68DN_183.pdf 3/3
shinycar24.de 01/22/2022 20:59:46 : pdf.php Update PDF URL in Database 1/2
shinycar24.de 01/22/2022 20:59:46 : Successfully update db  2/2
