shinycar24.de 12/22/2021 12:59:08 : pdf.php Fetch data 1/2
shinycar24.de 12/22/2021 12:59:08 : Successfully data fetch from DB 2/2
shinycar24.de 12/22/2021 12:59:08 : pdf.php Create PDF 1/3
shinycar24.de 12/22/2021 12:59:08 : Successfully created PDF report for customer 14 2/3Path: reports/report_JLwEnO_127.pdf 3/3
shinycar24.de 12/22/2021 12:59:08 : pdf.php Update PDF URL in Database 1/2
shinycar24.de 12/22/2021 12:59:08 : Successfully update db  2/2
shinycar24.de 12/22/2021 12:59:08 : email.php Sent Email to testcenter 1/1
shinycar24.de 12/22/2021 12:59:08 : email.php Sent Email for Test 127 1/1
shinycar24.de 12/22/2021 13:18:45 : pdf.php Fetch data 1/2
shinycar24.de 12/22/2021 13:18:45 : Successfully data fetch from DB 2/2
shinycar24.de 12/22/2021 13:18:45 : pdf.php Create PDF 1/3
shinycar24.de 12/22/2021 13:18:45 : Successfully created PDF report for customer 32 2/3Path: reports/report_SuHDfM_130.pdf 3/3
shinycar24.de 12/22/2021 13:18:45 : pdf.php Update PDF URL in Database 1/2
shinycar24.de 12/22/2021 13:18:45 : Successfully update db  2/2
shinycar24.de 12/22/2021 13:18:45 : email.php Sent Email to testcenter 1/1
shinycar24.de 12/22/2021 13:18:45 : email.php Sent Email for Test 130 1/1
shinycar24.de 12/22/2021 14:26:09 : pdf.php Fetch data 1/2
shinycar24.de 12/22/2021 14:26:09 : pdf.php Fetch data 1/2
shinycar24.de 12/22/2021 14:26:09 : Successfully data fetch from DB 2/2
shinycar24.de 12/22/2021 14:26:09 : Successfully data fetch from DB 2/2
shinycar24.de 12/22/2021 14:26:09 : pdf.php Create PDF 1/3
shinycar24.de 12/22/2021 14:26:09 : Successfully created PDF report for customer 32 2/3Path: reports/report_Y81oi6_138.pdf 3/3
shinycar24.de 12/22/2021 14:26:09 : pdf.php Create PDF 1/3
shinycar24.de 12/22/2021 14:26:09 : Successfully created PDF report for customer 32 2/3Path: reports/report_ph5j51_137.pdf 3/3
shinycar24.de 12/22/2021 14:26:09 : pdf.php Update PDF URL in Database 1/2
shinycar24.de 12/22/2021 14:26:09 : Successfully update db  2/2
shinycar24.de 12/22/2021 14:26:09 : pdf.php Update PDF URL in Database 1/2
shinycar24.de 12/22/2021 14:26:09 : Successfully update db  2/2
shinycar24.de 12/22/2021 14:26:09 : email.php Sent Email to testcenter 1/1
shinycar24.de 12/22/2021 14:26:09 : email.php Sent Email to testcenter 1/1
shinycar24.de 12/22/2021 14:26:09 : email.php Sent Email for Test 138 1/1
shinycar24.de 12/22/2021 14:26:09 : email.php Sent Email for Test 137 1/1
shinycar24.de 12/22/2021 14:32:34 : pdf.php Fetch data 1/2
shinycar24.de 12/22/2021 14:32:34 : Successfully data fetch from DB 2/2
shinycar24.de 12/22/2021 14:32:34 : pdf.php Fetch data 1/2
shinycar24.de 12/22/2021 14:32:34 : Successfully data fetch from DB 2/2
shinycar24.de 12/22/2021 14:32:34 : pdf.php Create PDF 1/3
shinycar24.de 12/22/2021 14:32:34 : Successfully created PDF report for customer 32 2/3Path: reports/report_zH9DYU_148.pdf 3/3
shinycar24.de 12/22/2021 14:32:34 : pdf.php Update PDF URL in Database 1/2
shinycar24.de 12/22/2021 14:32:34 : Successfully update db  2/2
shinycar24.de 12/22/2021 14:32:34 : pdf.php Create PDF 1/3
shinycar24.de 12/22/2021 14:32:34 : Successfully created PDF report for customer 32 2/3Path: reports/report_9Ta30n_147.pdf 3/3
shinycar24.de 12/22/2021 14:32:34 : pdf.php Update PDF URL in Database 1/2
shinycar24.de 12/22/2021 14:32:34 : Successfully update db  2/2
shinycar24.de 12/22/2021 14:32:34 : email.php Sent Email to testcenter 1/1
shinycar24.de 12/22/2021 14:32:34 : email.php Sent Email to testcenter 1/1
shinycar24.de 12/22/2021 14:32:34 : email.php Sent Email for Test 148 1/1
shinycar24.de 12/22/2021 14:32:34 : email.php Sent Email for Test 147 1/1
shinycar24.de 12/22/2021 19:39:59 : pdf.php Fetch data 1/2
shinycar24.de 12/22/2021 19:39:59 : Successfully data fetch from DB 2/2
shinycar24.de 12/22/2021 19:39:59 : pdf.php Create PDF 1/3
shinycar24.de 12/22/2021 19:39:59 : Successfully created PDF report for customer 14 2/3Path: reports/report_U9SFJC_120.pdf 3/3
shinycar24.de 12/22/2021 19:39:59 : pdf.php Update PDF URL in Database 1/2
shinycar24.de 12/22/2021 19:39:59 : Successfully update db  2/2
shinycar24.de 12/22/2021 19:39:59 : email.php Sent Email to testcenter 1/1
shinycar24.de 12/22/2021 19:39:59 : email.php Sent Email for Test 120 1/1
