shinycar24.de 01/10/2022 06:36:26 : pdf.php Fetch data 1/2
shinycar24.de 01/10/2022 06:36:26 : Successfully data fetch from DB 2/2
shinycar24.de 01/10/2022 06:36:26 : pdf.php Create PDF 1/3
shinycar24.de 01/10/2022 06:36:26 : Successfully created PDF report for customer 14 2/3Path: reports/report_urmion_103.pdf 3/3
shinycar24.de 01/10/2022 06:36:26 : pdf.php Update PDF URL in Database 1/2
shinycar24.de 01/10/2022 06:36:26 : Successfully update db  2/2
shinycar24.de 01/10/2022 06:36:26 : email.php Sent Email to: jan.hiweno.lorenz0@googlemail.com 1/1
shinycar24.de 01/10/2022 06:36:26 : email.php Sent Email to: jan.hiweno.lorenz0@googlemail.com 1/1
shinycar24.de 01/10/2022 06:37:25 : pdf.php Fetch data 1/2
shinycar24.de 01/10/2022 06:37:25 : Successfully data fetch from DB 2/2
shinycar24.de 01/10/2022 06:37:25 : pdf.php Create PDF 1/3
shinycar24.de 01/10/2022 06:37:25 : Successfully created PDF report for customer 14 2/3Path: reports/report_Cq97J4_103.pdf 3/3
shinycar24.de 01/10/2022 06:37:25 : pdf.php Update PDF URL in Database 1/2
shinycar24.de 01/10/2022 06:37:25 : Successfully update db  2/2
shinycar24.de 01/10/2022 06:37:25 : email.php Sent Email to: jan.hiweno.lorenz0@googlemail.com 1/1
shinycar24.de 01/10/2022 06:37:25 : email.php Sent Email to: jan.hiweno.lorenz0@googlemail.com 1/1
shinycar24.de 01/10/2022 06:38:16 : pdf.php Fetch data 1/2
shinycar24.de 01/10/2022 06:38:16 : Successfully data fetch from DB 2/2
shinycar24.de 01/10/2022 06:38:17 : pdf.php Create PDF 1/3
shinycar24.de 01/10/2022 06:38:17 : Successfully created PDF report for customer 14 2/3Path: reports/report_95tdxS_103.pdf 3/3
shinycar24.de 01/10/2022 06:38:17 : pdf.php Update PDF URL in Database 1/2
shinycar24.de 01/10/2022 06:38:17 : Successfully update db  2/2
shinycar24.de 01/10/2022 06:38:17 : email.php Sent Email to: jan.hiweno.lorenz0@googlemail.com 1/1
shinycar24.de 01/10/2022 06:38:17 : email.php Sent Email to: jan.hiweno.lorenz0@googlemail.com 1/1
shinycar24.de 01/10/2022 06:39:08 : pdf.php Fetch data 1/2
shinycar24.de 01/10/2022 06:39:08 : Successfully data fetch from DB 2/2
shinycar24.de 01/10/2022 06:39:08 : pdf.php Create PDF 1/3
shinycar24.de 01/10/2022 06:39:08 : Successfully created PDF report for customer 14 2/3Path: reports/report_OqKVxf_103.pdf 3/3
shinycar24.de 01/10/2022 06:39:08 : pdf.php Update PDF URL in Database 1/2
shinycar24.de 01/10/2022 06:39:08 : Successfully update db  2/2
shinycar24.de 01/10/2022 06:39:08 : email.php Sent Email to: jan.hiweno.lorenz0@googlemail.com 1/1
shinycar24.de 01/10/2022 06:39:08 : email.php Sent Email to: jan.hiweno.lorenz0@googlemail.com 1/1
shinycar24.de 01/10/2022 06:40:06 : pdf.php Fetch data 1/2
shinycar24.de 01/10/2022 06:40:06 : Successfully data fetch from DB 2/2
shinycar24.de 01/10/2022 06:40:06 : pdf.php Create PDF 1/3
shinycar24.de 01/10/2022 06:40:06 : Successfully created PDF report for customer 14 2/3Path: reports/report_3VEAmn_103.pdf 3/3
shinycar24.de 01/10/2022 06:40:06 : pdf.php Update PDF URL in Database 1/2
shinycar24.de 01/10/2022 06:40:06 : Successfully update db  2/2
shinycar24.de 01/10/2022 06:40:06 : email.php Sent Email to: jan.hiweno.lorenz0@googlemail.com 1/1
shinycar24.de 01/10/2022 06:40:07 : email.php Sent Email to: jan.hiweno.lorenz0@googlemail.com 1/1
shinycar24.de 01/10/2022 06:41:02 : pdf.php Fetch data 1/2
shinycar24.de 01/10/2022 06:41:02 : Successfully data fetch from DB 2/2
shinycar24.de 01/10/2022 06:41:02 : pdf.php Create PDF 1/3
shinycar24.de 01/10/2022 06:41:02 : Successfully created PDF report for customer 14 2/3Path: reports/report_gACSTq_103.pdf 3/3
shinycar24.de 01/10/2022 06:41:02 : pdf.php Update PDF URL in Database 1/2
shinycar24.de 01/10/2022 06:41:02 : Successfully update db  2/2
shinycar24.de 01/10/2022 06:41:02 : email.php Sent Email to: jan.hiweno.lorenz0@googlemail.com 1/1
shinycar24.de 01/10/2022 06:41:02 : email.php Sent Email to: jan.hiweno.lorenz0@googlemail.com 1/1
shinycar24.de 01/10/2022 06:41:47 : pdf.php Fetch data 1/2
shinycar24.de 01/10/2022 06:41:47 : Successfully data fetch from DB 2/2
shinycar24.de 01/10/2022 06:41:47 : pdf.php Create PDF 1/3
shinycar24.de 01/10/2022 06:41:47 : Successfully created PDF report for customer 14 2/3Path: reports/report_BftA1x_103.pdf 3/3
shinycar24.de 01/10/2022 06:41:47 : pdf.php Update PDF URL in Database 1/2
shinycar24.de 01/10/2022 06:41:47 : Successfully update db  2/2
shinycar24.de 01/10/2022 06:41:48 : email.php Sent Email to: jan.hiweno.lorenz0@googlemail.com 1/1
shinycar24.de 01/10/2022 06:41:48 : email.php Sent Email to: jan.hiweno.lorenz0@googlemail.com 1/1
shinycar24.de 01/10/2022 06:42:53 : pdf.php Fetch data 1/2
shinycar24.de 01/10/2022 06:42:53 : Successfully data fetch from DB 2/2
shinycar24.de 01/10/2022 06:42:53 : pdf.php Create PDF 1/3
shinycar24.de 01/10/2022 06:42:53 : Successfully created PDF report for customer 14 2/3Path: reports/report_N0hjQO_103.pdf 3/3
shinycar24.de 01/10/2022 06:42:53 : pdf.php Update PDF URL in Database 1/2
shinycar24.de 01/10/2022 06:42:53 : Successfully update db  2/2
shinycar24.de 01/10/2022 06:42:53 : email.php Sent Email to: jan.hiweno.lorenz0@googlemail.com 1/1
shinycar24.de 01/10/2022 06:42:53 : email.php Sent Email to: jan.hiweno.lorenz0@googlemail.com 1/1
shinycar24.de 01/10/2022 06:45:45 : pdf.php Fetch data 1/2
shinycar24.de 01/10/2022 06:45:45 : Successfully data fetch from DB 2/2
shinycar24.de 01/10/2022 06:45:45 : pdf.php Create PDF 1/3
shinycar24.de 01/10/2022 06:45:45 : Successfully created PDF report for customer 14 2/3Path: reports/report_u4K76Q_103.pdf 3/3
shinycar24.de 01/10/2022 06:45:45 : pdf.php Update PDF URL in Database 1/2
shinycar24.de 01/10/2022 06:45:45 : Successfully update db  2/2
shinycar24.de 01/10/2022 06:45:45 : email.php Sent Email to: jan.hiweno.lorenz0@googlemail.com 1/1
shinycar24.de 01/10/2022 06:45:45 : email.php Sent Email to: jan.hiweno.lorenz0@googlemail.com 1/1
